2026-01-01 12:59:31,631 - ERROR - Missing Supabase environment variables. Please check .env file.
2026-01-01 13:02:05,863 - ERROR - Missing Supabase environment variables. Please check .env file.
2026-01-01 13:03:08,593 - INFO - Script execution started
2026-01-01 13:03:08,593 - INFO - Starting industry score calculation...
2026-01-01 13:03:08,593 - INFO - Fetching data from Supabase...
2026-01-01 13:03:08,708 - ERROR - Error in main process: [Errno 8] nodename nor servname provided, or not known
2026-01-01 13:03:08,714 - ERROR - Script execution failed
2026-01-01 13:04:37,781 - INFO - Script execution started
2026-01-01 13:04:37,781 - INFO - Starting industry score calculation...
2026-01-01 13:04:37,781 - INFO - Fetching data from Supabase...
2026-01-01 13:04:37,908 - INFO - HTTP Request: GET https://aisqbjjpdztnuerniefl.supabase.co/rest/v1/industry_data?select=%2A "HTTP/2 401 Unauthorized"
2026-01-01 13:04:37,908 - ERROR - Error in main process: {'message': 'JSON could not be generated', 'code': 401, 'hint': 'Refer to full message for details', 'details': 'b\'{"message":"Invalid API key","hint":"Double check your Supabase `anon` or `service_role` API key."}\''}
2026-01-01 13:04:37,911 - ERROR - Script execution failed
2026-01-01 13:07:22,860 - INFO - Script execution started
2026-01-01 13:07:22,860 - INFO - Starting industry score calculation...
2026-01-01 13:07:22,861 - INFO - Fetching data from Supabase...
2026-01-01 13:07:23,403 - INFO - HTTP Request: GET https://aisqbjjpdztnuerniefl.supabase.co/rest/v1/industry_data?select=%2A "HTTP/2 200 OK"
2026-01-01 13:07:23,419 - INFO - Fetched 119 records from industry_data table.
2026-01-01 13:07:23,419 - INFO - Cleaning and converting data...
2026-01-01 13:07:23,425 - INFO - Normalizing data...
2026-01-01 13:07:23,428 - INFO - Calculating normalized scores...
2026-01-01 13:07:23,433 - INFO - Data cleaned and normalized.
2026-01-01 13:07:23,433 - INFO - Updating Supabase with normalized scores...
2026-01-01 13:07:23,860 - INFO - HTTP Request: PATCH https://aisqbjjpdztnuerniefl.supabase.co/rest/v1/industry_data?industry=eq.Chemicals%3A+Major+Diversified "HTTP/2 200 OK"
2026-01-01 13:07:23,861 - INFO - Updated scores for industry: Chemicals: Major Diversified
2026-01-01 13:07:24,029 - INFO - HTTP Request: PATCH https://aisqbjjpdztnuerniefl.supabase.co/rest/v1/industry_data?industry=eq.Agricultural+Commodities%2FMilling "HTTP/2 200 OK"
2026-01-01 13:07:24,029 - INFO - Updated scores for industry: Agricultural Commodities/Milling
2026-01-01 13:07:24,204 - INFO - HTTP Request: PATCH https://aisqbjjpdztnuerniefl.supabase.co/rest/v1/industry_data?industry=eq.Airlines "HTTP/2 200 OK"
2026-01-01 13:07:24,205 - INFO - Updated scores for industry: Airlines
2026-01-01 13:07:24,370 - INFO - HTTP Request: PATCH https://aisqbjjpdztnuerniefl.supabase.co/rest/v1/industry_data?industry=eq.Chemicals%3A+Specialty "HTTP/2 200 OK"
2026-01-01 13:07:24,371 - INFO - Updated scores for industry: Chemicals: Specialty
2026-01-01 13:07:24,522 - INFO - HTTP Request: PATCH https://aisqbjjpdztnuerniefl.supabase.co/rest/v1/industry_data?industry=eq.Apparel%2FFootwear "HTTP/2 200 OK"
2026-01-01 13:07:24,523 - INFO - Updated scores for industry: Apparel/Footwear
2026-01-01 13:07:24,677 - INFO - HTTP Request: PATCH https://aisqbjjpdztnuerniefl.supabase.co/rest/v1/industry_data?industry=eq.Apparel%2FFootwear+Retail "HTTP/2 200 OK"
2026-01-01 13:07:24,678 - INFO - Updated scores for industry: Apparel/Footwear Retail
2026-01-01 13:07:24,828 - INFO - HTTP Request: PATCH https://aisqbjjpdztnuerniefl.supabase.co/rest/v1/industry_data?industry=eq.Beverages%3A+Alcoholic "HTTP/2 200 OK"
2026-01-01 13:07:24,828 - INFO - Updated scores for industry: Beverages: Alcoholic
2026-01-01 13:07:24,991 - INFO - HTTP Request: PATCH https://aisqbjjpdztnuerniefl.supabase.co/rest/v1/industry_data?industry=eq.Beverages%3A+Non-Alcoholic "HTTP/2 200 OK"
2026-01-01 13:07:24,992 - INFO - Updated scores for industry: Beverages: Non-Alcoholic
2026-01-01 13:07:25,162 - INFO - HTTP Request: PATCH https://aisqbjjpdztnuerniefl.supabase.co/rest/v1/industry_data?industry=eq.Biotechnology "HTTP/2 200 OK"
2026-01-01 13:07:25,164 - INFO - Updated scores for industry: Biotechnology
2026-01-01 13:07:25,360 - INFO - HTTP Request: PATCH https://aisqbjjpdztnuerniefl.supabase.co/rest/v1/industry_data?industry=eq.Finance%2FRental%2FLeasing "HTTP/2 200 OK"
2026-01-01 13:07:25,361 - INFO - Updated scores for industry: Finance/Rental/Leasing
2026-01-01 13:07:25,552 - INFO - HTTP Request: PATCH https://aisqbjjpdztnuerniefl.supabase.co/rest/v1/industry_data?industry=eq.Automotive+Aftermarket "HTTP/2 200 OK"
2026-01-01 13:07:25,553 - INFO - Updated scores for industry: Automotive Aftermarket
2026-01-01 13:07:25,714 - INFO - HTTP Request: PATCH https://aisqbjjpdztnuerniefl.supabase.co/rest/v1/industry_data?industry=eq.Air+Freight%2FCouriers "HTTP/2 200 OK"
2026-01-01 13:07:25,715 - INFO - Updated scores for industry: Air Freight/Couriers
2026-01-01 13:07:25,886 - INFO - HTTP Request: PATCH https://aisqbjjpdztnuerniefl.supabase.co/rest/v1/industry_data?industry=eq.Broadcasting "HTTP/2 200 OK"
2026-01-01 13:07:25,886 - INFO - Updated scores for industry: Broadcasting
2026-01-01 13:07:26,044 - INFO - HTTP Request: PATCH https://aisqbjjpdztnuerniefl.supabase.co/rest/v1/industry_data?industry=eq.Cable%2FSatellite+TV "HTTP/2 200 OK"
2026-01-01 13:07:26,045 - INFO - Updated scores for industry: Cable/Satellite TV
2026-01-01 13:07:26,202 - INFO - HTTP Request: PATCH https://aisqbjjpdztnuerniefl.supabase.co/rest/v1/industry_data?industry=eq.Catalog%2FSpecialty+Distribution "HTTP/2 200 OK"
2026-01-01 13:07:26,204 - INFO - Updated scores for industry: Catalog/Specialty Distribution
2026-01-01 13:07:26,364 - INFO - HTTP Request: PATCH https://aisqbjjpdztnuerniefl.supabase.co/rest/v1/industry_data?industry=eq.Computer+Communications "HTTP/2 200 OK"
2026-01-01 13:07:26,366 - INFO - Updated scores for industry: Computer Communications
2026-01-01 13:07:26,518 - INFO - HTTP Request: PATCH https://aisqbjjpdztnuerniefl.supabase.co/rest/v1/industry_data?industry=eq.Computer+Peripherals "HTTP/2 200 OK"
2026-01-01 13:07:26,520 - INFO - Updated scores for industry: Computer Peripherals
2026-01-01 13:07:26,679 - INFO - HTTP Request: PATCH https://aisqbjjpdztnuerniefl.supabase.co/rest/v1/industry_data?industry=eq.Consumer+Sundries "HTTP/2 200 OK"
2026-01-01 13:07:26,680 - INFO - Updated scores for industry: Consumer Sundries
2026-01-01 13:07:26,856 - INFO - HTTP Request: PATCH https://aisqbjjpdztnuerniefl.supabase.co/rest/v1/industry_data?industry=eq.Contract+Drilling "HTTP/2 200 OK"
2026-01-01 13:07:26,858 - INFO - Updated scores for industry: Contract Drilling
2026-01-01 13:07:27,045 - INFO - HTTP Request: PATCH https://aisqbjjpdztnuerniefl.supabase.co/rest/v1/industry_data?industry=eq.Department+Stores "HTTP/2 200 OK"
2026-01-01 13:07:27,046 - INFO - Updated scores for industry: Department Stores
2026-01-01 13:07:27,237 - INFO - HTTP Request: PATCH https://aisqbjjpdztnuerniefl.supabase.co/rest/v1/industry_data?industry=eq.Drugstore+Chains "HTTP/2 200 OK"
2026-01-01 13:07:27,240 - INFO - Updated scores for industry: Drugstore Chains
2026-01-01 13:07:27,394 - INFO - HTTP Request: PATCH https://aisqbjjpdztnuerniefl.supabase.co/rest/v1/industry_data?industry=eq.Electric+Utilities "HTTP/2 200 OK"
2026-01-01 13:07:27,396 - INFO - Updated scores for industry: Electric Utilities
2026-01-01 13:07:27,574 - INFO - HTTP Request: PATCH https://aisqbjjpdztnuerniefl.supabase.co/rest/v1/industry_data?industry=eq.Electronic+Components "HTTP/2 200 OK"
2026-01-01 13:07:27,577 - INFO - Updated scores for industry: Electronic Components
2026-01-01 13:07:27,738 - INFO - HTTP Request: PATCH https://aisqbjjpdztnuerniefl.supabase.co/rest/v1/industry_data?industry=eq.Electronics+Distributors "HTTP/2 200 OK"
2026-01-01 13:07:27,738 - INFO - Updated scores for industry: Electronics Distributors
2026-01-01 13:07:27,904 - INFO - HTTP Request: PATCH https://aisqbjjpdztnuerniefl.supabase.co/rest/v1/industry_data?industry=eq.Electronics%2FAppliance+Stores "HTTP/2 200 OK"
2026-01-01 13:07:27,907 - INFO - Updated scores for industry: Electronics/Appliance Stores
2026-01-01 13:07:28,075 - INFO - HTTP Request: PATCH https://aisqbjjpdztnuerniefl.supabase.co/rest/v1/industry_data?industry=eq.Electronics%2FAppliances "HTTP/2 200 OK"
2026-01-01 13:07:28,078 - INFO - Updated scores for industry: Electronics/Appliances
2026-01-01 13:07:28,239 - INFO - HTTP Request: PATCH https://aisqbjjpdztnuerniefl.supabase.co/rest/v1/industry_data?industry=eq.Environmental+Services "HTTP/2 200 OK"
2026-01-01 13:07:28,240 - INFO - Updated scores for industry: Environmental Services
2026-01-01 13:07:28,423 - INFO - HTTP Request: PATCH https://aisqbjjpdztnuerniefl.supabase.co/rest/v1/industry_data?industry=eq.Investment+Trusts%2FMutual+Funds "HTTP/2 200 OK"
2026-01-01 13:07:28,428 - INFO - Updated scores for industry: Investment Trusts/Mutual Funds
2026-01-01 13:07:28,602 - INFO - HTTP Request: PATCH https://aisqbjjpdztnuerniefl.supabase.co/rest/v1/industry_data?industry=eq.Trucks%2FConstruction%2FFarm+Machinery "HTTP/2 200 OK"
2026-01-01 13:07:28,604 - INFO - Updated scores for industry: Trucks/Construction/Farm Machinery
2026-01-01 13:07:28,784 - INFO - HTTP Request: PATCH https://aisqbjjpdztnuerniefl.supabase.co/rest/v1/industry_data?industry=eq.Industrial+Conglomerates "HTTP/2 200 OK"
2026-01-01 13:07:28,785 - INFO - Updated scores for industry: Industrial Conglomerates
2026-01-01 13:07:28,946 - INFO - HTTP Request: PATCH https://aisqbjjpdztnuerniefl.supabase.co/rest/v1/industry_data?industry=eq.Metal+Fabrication "HTTP/2 200 OK"
2026-01-01 13:07:28,948 - INFO - Updated scores for industry: Metal Fabrication
2026-01-01 13:07:29,094 - INFO - HTTP Request: PATCH https://aisqbjjpdztnuerniefl.supabase.co/rest/v1/industry_data?industry=eq.Engineering+%26+Construction "HTTP/2 200 OK"
2026-01-01 13:07:29,095 - INFO - Updated scores for industry: Engineering & Construction
2026-01-01 13:07:29,253 - INFO - HTTP Request: PATCH https://aisqbjjpdztnuerniefl.supabase.co/rest/v1/industry_data?industry=eq.Food+Distributors "HTTP/2 200 OK"
2026-01-01 13:07:29,254 - INFO - Updated scores for industry: Food Distributors
2026-01-01 13:07:29,410 - INFO - HTTP Request: PATCH https://aisqbjjpdztnuerniefl.supabase.co/rest/v1/industry_data?industry=eq.Food+Retail "HTTP/2 200 OK"
2026-01-01 13:07:29,411 - INFO - Updated scores for industry: Food Retail
2026-01-01 13:07:29,566 - INFO - HTTP Request: PATCH https://aisqbjjpdztnuerniefl.supabase.co/rest/v1/industry_data?industry=eq.Food%3A+Major+Diversified "HTTP/2 200 OK"
2026-01-01 13:07:29,567 - INFO - Updated scores for industry: Food: Major Diversified
2026-01-01 13:07:29,750 - INFO - HTTP Request: PATCH https://aisqbjjpdztnuerniefl.supabase.co/rest/v1/industry_data?industry=eq.Food%3A+Meat%2FFish%2FDairy "HTTP/2 200 OK"
2026-01-01 13:07:29,751 - INFO - Updated scores for industry: Food: Meat/Fish/Dairy
2026-01-01 13:07:30,029 - INFO - HTTP Request: PATCH https://aisqbjjpdztnuerniefl.supabase.co/rest/v1/industry_data?industry=eq.Gas+Distributors "HTTP/2 200 OK"
2026-01-01 13:07:30,032 - INFO - Updated scores for industry: Gas Distributors
2026-01-01 13:07:30,232 - INFO - HTTP Request: PATCH https://aisqbjjpdztnuerniefl.supabase.co/rest/v1/industry_data?industry=eq.Home+Furnishings "HTTP/2 200 OK"
2026-01-01 13:07:30,234 - INFO - Updated scores for industry: Home Furnishings
2026-01-01 13:07:30,412 - INFO - HTTP Request: PATCH https://aisqbjjpdztnuerniefl.supabase.co/rest/v1/industry_data?industry=eq.Home+Improvement+Chains "HTTP/2 200 OK"
2026-01-01 13:07:30,413 - INFO - Updated scores for industry: Home Improvement Chains
2026-01-01 13:07:30,578 - INFO - HTTP Request: PATCH https://aisqbjjpdztnuerniefl.supabase.co/rest/v1/industry_data?industry=eq.Homebuilding "HTTP/2 200 OK"
2026-01-01 13:07:30,581 - INFO - Updated scores for industry: Homebuilding
2026-01-01 13:07:30,753 - INFO - HTTP Request: PATCH https://aisqbjjpdztnuerniefl.supabase.co/rest/v1/industry_data?industry=eq.Hospital%2FNursing+Management "HTTP/2 200 OK"
2026-01-01 13:07:30,754 - INFO - Updated scores for industry: Hospital/Nursing Management
2026-01-01 13:07:30,913 - INFO - HTTP Request: PATCH https://aisqbjjpdztnuerniefl.supabase.co/rest/v1/industry_data?industry=eq.Hotels%2FResorts%2FCruise+lines "HTTP/2 200 OK"
2026-01-01 13:07:30,914 - INFO - Updated scores for industry: Hotels/Resorts/Cruise lines
2026-01-01 13:07:31,063 - INFO - HTTP Request: PATCH https://aisqbjjpdztnuerniefl.supabase.co/rest/v1/industry_data?industry=eq.Oil+Refining%2FMarketing "HTTP/2 200 OK"
2026-01-01 13:07:31,066 - INFO - Updated scores for industry: Oil Refining/Marketing
2026-01-01 13:07:31,220 - INFO - HTTP Request: PATCH https://aisqbjjpdztnuerniefl.supabase.co/rest/v1/industry_data?industry=eq.Information+Technology+Services "HTTP/2 200 OK"
2026-01-01 13:07:31,221 - INFO - Updated scores for industry: Information Technology Services
2026-01-01 13:07:31,377 - INFO - HTTP Request: PATCH https://aisqbjjpdztnuerniefl.supabase.co/rest/v1/industry_data?industry=eq.Integrated+Oil "HTTP/2 200 OK"
2026-01-01 13:07:31,378 - INFO - Updated scores for industry: Integrated Oil
2026-01-01 13:07:31,540 - INFO - HTTP Request: PATCH https://aisqbjjpdztnuerniefl.supabase.co/rest/v1/industry_data?industry=eq.Internet+Retail "HTTP/2 200 OK"
2026-01-01 13:07:31,542 - INFO - Updated scores for industry: Internet Retail
2026-01-01 13:07:31,697 - INFO - HTTP Request: PATCH https://aisqbjjpdztnuerniefl.supabase.co/rest/v1/industry_data?industry=eq.Major+Telecommunications "HTTP/2 200 OK"
2026-01-01 13:07:31,701 - INFO - Updated scores for industry: Major Telecommunications
2026-01-01 13:07:31,857 - INFO - HTTP Request: PATCH https://aisqbjjpdztnuerniefl.supabase.co/rest/v1/industry_data?industry=eq.Marine+Shipping "HTTP/2 200 OK"
2026-01-01 13:07:31,860 - INFO - Updated scores for industry: Marine Shipping
2026-01-01 13:07:32,039 - INFO - HTTP Request: PATCH https://aisqbjjpdztnuerniefl.supabase.co/rest/v1/industry_data?industry=eq.Medical+Distributors "HTTP/2 200 OK"
2026-01-01 13:07:32,039 - INFO - Updated scores for industry: Medical Distributors
2026-01-01 13:07:32,235 - INFO - HTTP Request: PATCH https://aisqbjjpdztnuerniefl.supabase.co/rest/v1/industry_data?industry=eq.Medical%2FNursing+Services "HTTP/2 200 OK"
2026-01-01 13:07:32,237 - INFO - Updated scores for industry: Medical/Nursing Services
2026-01-01 13:07:32,422 - INFO - HTTP Request: PATCH https://aisqbjjpdztnuerniefl.supabase.co/rest/v1/industry_data?industry=eq.Miscellaneous "HTTP/2 200 OK"
2026-01-01 13:07:32,424 - INFO - Updated scores for industry: Miscellaneous
2026-01-01 13:07:32,582 - INFO - HTTP Request: PATCH https://aisqbjjpdztnuerniefl.supabase.co/rest/v1/industry_data?industry=eq.Movies%2FEntertainment "HTTP/2 200 OK"
2026-01-01 13:07:32,585 - INFO - Updated scores for industry: Movies/Entertainment
2026-01-01 13:07:32,772 - INFO - HTTP Request: PATCH https://aisqbjjpdztnuerniefl.supabase.co/rest/v1/industry_data?industry=eq.Office+Equipment%2FSupplies "HTTP/2 200 OK"
2026-01-01 13:07:32,774 - INFO - Updated scores for industry: Office Equipment/Supplies
2026-01-01 13:07:32,947 - INFO - HTTP Request: PATCH https://aisqbjjpdztnuerniefl.supabase.co/rest/v1/industry_data?industry=eq.Oil+%26+Gas+Pipelines "HTTP/2 200 OK"
2026-01-01 13:07:32,948 - INFO - Updated scores for industry: Oil & Gas Pipelines
2026-01-01 13:07:33,120 - INFO - HTTP Request: PATCH https://aisqbjjpdztnuerniefl.supabase.co/rest/v1/industry_data?industry=eq.Oil+%26+Gas+Production "HTTP/2 200 OK"
2026-01-01 13:07:33,121 - INFO - Updated scores for industry: Oil & Gas Production
2026-01-01 13:07:33,296 - INFO - HTTP Request: PATCH https://aisqbjjpdztnuerniefl.supabase.co/rest/v1/industry_data?industry=eq.Building+Products "HTTP/2 200 OK"
2026-01-01 13:07:33,297 - INFO - Updated scores for industry: Building Products
2026-01-01 13:07:33,476 - INFO - HTTP Request: PATCH https://aisqbjjpdztnuerniefl.supabase.co/rest/v1/industry_data?industry=eq.Wireless+Telecommunications "HTTP/2 200 OK"
2026-01-01 13:07:33,477 - INFO - Updated scores for industry: Wireless Telecommunications
2026-01-01 13:07:33,640 - INFO - HTTP Request: PATCH https://aisqbjjpdztnuerniefl.supabase.co/rest/v1/industry_data?industry=eq.Commercial+Printing%2FForms "HTTP/2 200 OK"
2026-01-01 13:07:33,641 - INFO - Updated scores for industry: Commercial Printing/Forms
2026-01-01 13:07:33,802 - INFO - HTTP Request: PATCH https://aisqbjjpdztnuerniefl.supabase.co/rest/v1/industry_data?industry=eq.Steel "HTTP/2 200 OK"
2026-01-01 13:07:33,803 - INFO - Updated scores for industry: Steel
2026-01-01 13:07:33,950 - INFO - HTTP Request: PATCH https://aisqbjjpdztnuerniefl.supabase.co/rest/v1/industry_data?industry=eq.Miscellaneous+Commercial+Services "HTTP/2 200 OK"
2026-01-01 13:07:33,951 - INFO - Updated scores for industry: Miscellaneous Commercial Services
2026-01-01 13:07:34,102 - INFO - HTTP Request: PATCH https://aisqbjjpdztnuerniefl.supabase.co/rest/v1/industry_data?industry=eq.Other+Transportation "HTTP/2 200 OK"
2026-01-01 13:07:34,103 - INFO - Updated scores for industry: Other Transportation
2026-01-01 13:07:34,263 - INFO - HTTP Request: PATCH https://aisqbjjpdztnuerniefl.supabase.co/rest/v1/industry_data?industry=eq.Advertising%2FMarketing+Services "HTTP/2 200 OK"
2026-01-01 13:07:34,265 - INFO - Updated scores for industry: Advertising/Marketing Services
2026-01-01 13:07:34,444 - INFO - HTTP Request: PATCH https://aisqbjjpdztnuerniefl.supabase.co/rest/v1/industry_data?industry=eq.Alternative+Power+Generation "HTTP/2 200 OK"
2026-01-01 13:07:34,446 - INFO - Updated scores for industry: Alternative Power Generation
2026-01-01 13:07:34,590 - INFO - HTTP Request: PATCH https://aisqbjjpdztnuerniefl.supabase.co/rest/v1/industry_data?industry=eq.Data+Processing+Services "HTTP/2 200 OK"
2026-01-01 13:07:34,591 - INFO - Updated scores for industry: Data Processing Services
2026-01-01 13:07:34,748 - INFO - HTTP Request: PATCH https://aisqbjjpdztnuerniefl.supabase.co/rest/v1/industry_data?industry=eq.Food%3A+Specialty%2FCandy "HTTP/2 200 OK"
2026-01-01 13:07:34,751 - INFO - Updated scores for industry: Food: Specialty/Candy
2026-01-01 13:07:34,929 - INFO - HTTP Request: PATCH https://aisqbjjpdztnuerniefl.supabase.co/rest/v1/industry_data?industry=eq.Household%2FPersonal+Care "HTTP/2 200 OK"
2026-01-01 13:07:34,930 - INFO - Updated scores for industry: Household/Personal Care
2026-01-01 13:07:35,081 - INFO - HTTP Request: PATCH https://aisqbjjpdztnuerniefl.supabase.co/rest/v1/industry_data?industry=eq.Other+Consumer+Services "HTTP/2 200 OK"
2026-01-01 13:07:35,082 - INFO - Updated scores for industry: Other Consumer Services
2026-01-01 13:07:35,231 - INFO - HTTP Request: PATCH https://aisqbjjpdztnuerniefl.supabase.co/rest/v1/industry_data?industry=eq.Other+Consumer+Specialties "HTTP/2 200 OK"
2026-01-01 13:07:35,231 - INFO - Updated scores for industry: Other Consumer Specialties
2026-01-01 13:07:35,430 - INFO - HTTP Request: PATCH https://aisqbjjpdztnuerniefl.supabase.co/rest/v1/industry_data?industry=eq.Pharmaceuticals%3A+Generic "HTTP/2 200 OK"
2026-01-01 13:07:35,431 - INFO - Updated scores for industry: Pharmaceuticals: Generic
2026-01-01 13:07:35,595 - INFO - HTTP Request: PATCH https://aisqbjjpdztnuerniefl.supabase.co/rest/v1/industry_data?industry=eq.Pharmaceuticals%3A+Major "HTTP/2 200 OK"
2026-01-01 13:07:35,596 - INFO - Updated scores for industry: Pharmaceuticals: Major
2026-01-01 13:07:35,769 - INFO - HTTP Request: PATCH https://aisqbjjpdztnuerniefl.supabase.co/rest/v1/industry_data?industry=eq.Pharmaceuticals%3A+Other "HTTP/2 200 OK"
2026-01-01 13:07:35,770 - INFO - Updated scores for industry: Pharmaceuticals: Other
2026-01-01 13:07:35,920 - INFO - HTTP Request: PATCH https://aisqbjjpdztnuerniefl.supabase.co/rest/v1/industry_data?industry=eq.Publishing%3A+Books%2FMagazines "HTTP/2 200 OK"
2026-01-01 13:07:35,921 - INFO - Updated scores for industry: Publishing: Books/Magazines
2026-01-01 13:07:36,087 - INFO - HTTP Request: PATCH https://aisqbjjpdztnuerniefl.supabase.co/rest/v1/industry_data?industry=eq.Publishing%3A+Newspapers "HTTP/2 200 OK"
2026-01-01 13:07:36,088 - INFO - Updated scores for industry: Publishing: Newspapers
2026-01-01 13:07:36,319 - INFO - HTTP Request: PATCH https://aisqbjjpdztnuerniefl.supabase.co/rest/v1/industry_data?industry=eq.Railroads "HTTP/2 200 OK"
2026-01-01 13:07:36,320 - INFO - Updated scores for industry: Railroads
2026-01-01 13:07:36,510 - INFO - HTTP Request: PATCH https://aisqbjjpdztnuerniefl.supabase.co/rest/v1/industry_data?industry=eq.Real+Estate+Development "HTTP/2 200 OK"
2026-01-01 13:07:36,511 - INFO - Updated scores for industry: Real Estate Development
2026-01-01 13:07:36,677 - INFO - HTTP Request: PATCH https://aisqbjjpdztnuerniefl.supabase.co/rest/v1/industry_data?industry=eq.Real+Estate+Investment+Trusts "HTTP/2 200 OK"
2026-01-01 13:07:36,687 - INFO - Updated scores for industry: Real Estate Investment Trusts
2026-01-01 13:07:36,884 - INFO - HTTP Request: PATCH https://aisqbjjpdztnuerniefl.supabase.co/rest/v1/industry_data?industry=eq.Recreational+Products "HTTP/2 200 OK"
2026-01-01 13:07:36,885 - INFO - Updated scores for industry: Recreational Products
2026-01-01 13:07:37,059 - INFO - HTTP Request: PATCH https://aisqbjjpdztnuerniefl.supabase.co/rest/v1/industry_data?industry=eq.Restaurants "HTTP/2 200 OK"
2026-01-01 13:07:37,060 - INFO - Updated scores for industry: Restaurants
2026-01-01 13:07:37,240 - INFO - HTTP Request: PATCH https://aisqbjjpdztnuerniefl.supabase.co/rest/v1/industry_data?industry=eq.Semiconductors "HTTP/2 200 OK"
2026-01-01 13:07:37,242 - INFO - Updated scores for industry: Semiconductors
2026-01-01 13:07:37,414 - INFO - HTTP Request: PATCH https://aisqbjjpdztnuerniefl.supabase.co/rest/v1/industry_data?industry=eq.Specialty+Stores "HTTP/2 200 OK"
2026-01-01 13:07:37,416 - INFO - Updated scores for industry: Specialty Stores
2026-01-01 13:07:37,583 - INFO - HTTP Request: PATCH https://aisqbjjpdztnuerniefl.supabase.co/rest/v1/industry_data?industry=eq.Specialty+Telecommunications "HTTP/2 200 OK"
2026-01-01 13:07:37,585 - INFO - Updated scores for industry: Specialty Telecommunications
2026-01-01 13:07:37,745 - INFO - HTTP Request: PATCH https://aisqbjjpdztnuerniefl.supabase.co/rest/v1/industry_data?industry=eq.Telecommunications+Equipment "HTTP/2 200 OK"
2026-01-01 13:07:37,745 - INFO - Updated scores for industry: Telecommunications Equipment
2026-01-01 13:07:37,917 - INFO - HTTP Request: PATCH https://aisqbjjpdztnuerniefl.supabase.co/rest/v1/industry_data?industry=eq.Textiles "HTTP/2 200 OK"
2026-01-01 13:07:37,919 - INFO - Updated scores for industry: Textiles
2026-01-01 13:07:38,100 - INFO - HTTP Request: PATCH https://aisqbjjpdztnuerniefl.supabase.co/rest/v1/industry_data?industry=eq.Tobacco "HTTP/2 200 OK"
2026-01-01 13:07:38,100 - INFO - Updated scores for industry: Tobacco
2026-01-01 13:07:38,288 - INFO - HTTP Request: PATCH https://aisqbjjpdztnuerniefl.supabase.co/rest/v1/industry_data?industry=eq.Tools+%26+Hardware "HTTP/2 200 OK"
2026-01-01 13:07:38,288 - INFO - Updated scores for industry: Tools & Hardware
2026-01-01 13:07:38,448 - INFO - HTTP Request: PATCH https://aisqbjjpdztnuerniefl.supabase.co/rest/v1/industry_data?industry=eq.Water+Utilities "HTTP/2 200 OK"
2026-01-01 13:07:38,449 - INFO - Updated scores for industry: Water Utilities
2026-01-01 13:07:38,617 - INFO - HTTP Request: PATCH https://aisqbjjpdztnuerniefl.supabase.co/rest/v1/industry_data?industry=eq.Wholesale+Distributors "HTTP/2 200 OK"
2026-01-01 13:07:38,619 - INFO - Updated scores for industry: Wholesale Distributors
2026-01-01 13:07:38,787 - INFO - HTTP Request: PATCH https://aisqbjjpdztnuerniefl.supabase.co/rest/v1/industry_data?industry=eq.Internet+Software%2FServices "HTTP/2 200 OK"
2026-01-01 13:07:38,789 - INFO - Updated scores for industry: Internet Software/Services
2026-01-01 13:07:38,957 - INFO - HTTP Request: PATCH https://aisqbjjpdztnuerniefl.supabase.co/rest/v1/industry_data?industry=eq.Medical+Specialties "HTTP/2 200 OK"
2026-01-01 13:07:38,960 - INFO - Updated scores for industry: Medical Specialties
2026-01-01 13:07:39,123 - INFO - HTTP Request: PATCH https://aisqbjjpdztnuerniefl.supabase.co/rest/v1/industry_data?industry=eq.Packaged+Software "HTTP/2 200 OK"
2026-01-01 13:07:39,124 - INFO - Updated scores for industry: Packaged Software
2026-01-01 13:07:39,271 - INFO - HTTP Request: PATCH https://aisqbjjpdztnuerniefl.supabase.co/rest/v1/industry_data?industry=eq.Multi-Line+Insurance "HTTP/2 200 OK"
2026-01-01 13:07:39,273 - INFO - Updated scores for industry: Multi-Line Insurance
2026-01-01 13:07:39,445 - INFO - HTTP Request: PATCH https://aisqbjjpdztnuerniefl.supabase.co/rest/v1/industry_data?industry=eq.Life%2FHealth+Insurance "HTTP/2 200 OK"
2026-01-01 13:07:39,446 - INFO - Updated scores for industry: Life/Health Insurance
2026-01-01 13:07:39,596 - INFO - HTTP Request: PATCH https://aisqbjjpdztnuerniefl.supabase.co/rest/v1/industry_data?industry=eq.Motor+Vehicles "HTTP/2 200 OK"
2026-01-01 13:07:39,598 - INFO - Updated scores for industry: Motor Vehicles
2026-01-01 13:07:39,773 - INFO - HTTP Request: PATCH https://aisqbjjpdztnuerniefl.supabase.co/rest/v1/industry_data?industry=eq.Trucking "HTTP/2 200 OK"
2026-01-01 13:07:39,774 - INFO - Updated scores for industry: Trucking
2026-01-01 13:07:39,927 - INFO - HTTP Request: PATCH https://aisqbjjpdztnuerniefl.supabase.co/rest/v1/industry_data?industry=eq.Forest+Products "HTTP/2 200 OK"
2026-01-01 13:07:39,928 - INFO - Updated scores for industry: Forest Products
2026-01-01 13:07:40,073 - INFO - HTTP Request: PATCH https://aisqbjjpdztnuerniefl.supabase.co/rest/v1/industry_data?industry=eq.Miscellaneous+Manufacturing "HTTP/2 200 OK"
2026-01-01 13:07:40,073 - INFO - Updated scores for industry: Miscellaneous Manufacturing
2026-01-01 13:07:40,265 - INFO - HTTP Request: PATCH https://aisqbjjpdztnuerniefl.supabase.co/rest/v1/industry_data?industry=eq.Aerospace+%26+Defense "HTTP/2 200 OK"
2026-01-01 13:07:40,266 - INFO - Updated scores for industry: Aerospace & Defense
2026-01-01 13:07:40,434 - INFO - HTTP Request: PATCH https://aisqbjjpdztnuerniefl.supabase.co/rest/v1/industry_data?industry=eq.Oilfield+Services%2FEquipment "HTTP/2 200 OK"
2026-01-01 13:07:40,435 - INFO - Updated scores for industry: Oilfield Services/Equipment
2026-01-01 13:07:40,595 - INFO - HTTP Request: PATCH https://aisqbjjpdztnuerniefl.supabase.co/rest/v1/industry_data?industry=eq.Containers%2FPackaging "HTTP/2 200 OK"
2026-01-01 13:07:40,596 - INFO - Updated scores for industry: Containers/Packaging
2026-01-01 13:07:40,761 - INFO - HTTP Request: PATCH https://aisqbjjpdztnuerniefl.supabase.co/rest/v1/industry_data?industry=eq.Industrial+Machinery "HTTP/2 200 OK"
2026-01-01 13:07:40,762 - INFO - Updated scores for industry: Industrial Machinery
2026-01-01 13:07:40,947 - INFO - HTTP Request: PATCH https://aisqbjjpdztnuerniefl.supabase.co/rest/v1/industry_data?industry=eq.Auto+Parts%3A+OEM "HTTP/2 200 OK"
2026-01-01 13:07:40,948 - INFO - Updated scores for industry: Auto Parts: OEM
2026-01-01 13:07:41,107 - INFO - HTTP Request: PATCH https://aisqbjjpdztnuerniefl.supabase.co/rest/v1/industry_data?industry=eq.Industrial+Specialties "HTTP/2 200 OK"
2026-01-01 13:07:41,108 - INFO - Updated scores for industry: Industrial Specialties
2026-01-01 13:07:41,287 - INFO - HTTP Request: PATCH https://aisqbjjpdztnuerniefl.supabase.co/rest/v1/industry_data?industry=eq.Electrical+Products "HTTP/2 200 OK"
2026-01-01 13:07:41,287 - INFO - Updated scores for industry: Electrical Products
2026-01-01 13:07:41,526 - INFO - HTTP Request: PATCH https://aisqbjjpdztnuerniefl.supabase.co/rest/v1/industry_data?industry=eq.Electronic+Equipment%2FInstruments "HTTP/2 200 OK"
2026-01-01 13:07:41,528 - INFO - Updated scores for industry: Electronic Equipment/Instruments
2026-01-01 13:07:41,681 - INFO - HTTP Request: PATCH https://aisqbjjpdztnuerniefl.supabase.co/rest/v1/industry_data?industry=eq.Chemicals%3A+Agricultural "HTTP/2 200 OK"
2026-01-01 13:07:41,682 - INFO - Updated scores for industry: Chemicals: Agricultural
2026-01-01 13:07:41,853 - INFO - HTTP Request: PATCH https://aisqbjjpdztnuerniefl.supabase.co/rest/v1/industry_data?industry=eq.Pulp+%26+Paper "HTTP/2 200 OK"
2026-01-01 13:07:41,854 - INFO - Updated scores for industry: Pulp & Paper
2026-01-01 13:07:42,028 - INFO - HTTP Request: PATCH https://aisqbjjpdztnuerniefl.supabase.co/rest/v1/industry_data?industry=eq.Electronic+Production+Equipment "HTTP/2 200 OK"
2026-01-01 13:07:42,030 - INFO - Updated scores for industry: Electronic Production Equipment
2026-01-01 13:07:42,186 - INFO - HTTP Request: PATCH https://aisqbjjpdztnuerniefl.supabase.co/rest/v1/industry_data?industry=eq.Personnel+Services "HTTP/2 200 OK"
2026-01-01 13:07:42,188 - INFO - Updated scores for industry: Personnel Services
2026-01-01 13:07:42,477 - INFO - HTTP Request: PATCH https://aisqbjjpdztnuerniefl.supabase.co/rest/v1/industry_data?industry=eq.Investment+Banks%2FBrokers "HTTP/2 200 OK"
2026-01-01 13:07:42,478 - INFO - Updated scores for industry: Investment Banks/Brokers
2026-01-01 13:07:42,658 - INFO - HTTP Request: PATCH https://aisqbjjpdztnuerniefl.supabase.co/rest/v1/industry_data?industry=eq.Major+Banks "HTTP/2 200 OK"
2026-01-01 13:07:42,660 - INFO - Updated scores for industry: Major Banks
2026-01-01 13:07:42,822 - INFO - HTTP Request: PATCH https://aisqbjjpdztnuerniefl.supabase.co/rest/v1/industry_data?industry=eq.Specialty+Insurance "HTTP/2 200 OK"
2026-01-01 13:07:42,824 - INFO - Updated scores for industry: Specialty Insurance
2026-01-01 13:07:43,015 - INFO - HTTP Request: PATCH https://aisqbjjpdztnuerniefl.supabase.co/rest/v1/industry_data?industry=eq.Coal "HTTP/2 200 OK"
2026-01-01 13:07:43,016 - INFO - Updated scores for industry: Coal
2026-01-01 13:07:43,178 - INFO - HTTP Request: PATCH https://aisqbjjpdztnuerniefl.supabase.co/rest/v1/industry_data?industry=eq.Aluminum "HTTP/2 200 OK"
2026-01-01 13:07:43,180 - INFO - Updated scores for industry: Aluminum
2026-01-01 13:07:43,386 - INFO - HTTP Request: PATCH https://aisqbjjpdztnuerniefl.supabase.co/rest/v1/industry_data?industry=eq.Other+Metals%2FMinerals "HTTP/2 200 OK"
2026-01-01 13:07:43,387 - INFO - Updated scores for industry: Other Metals/Minerals
2026-01-01 13:07:43,604 - INFO - HTTP Request: PATCH https://aisqbjjpdztnuerniefl.supabase.co/rest/v1/industry_data?industry=eq.Construction+Materials "HTTP/2 200 OK"
2026-01-01 13:07:43,606 - INFO - Updated scores for industry: Construction Materials
2026-01-01 13:07:43,840 - INFO - HTTP Request: PATCH https://aisqbjjpdztnuerniefl.supabase.co/rest/v1/industry_data?industry=eq.Regional+Banks "HTTP/2 200 OK"
2026-01-01 13:07:43,841 - INFO - Updated scores for industry: Regional Banks
2026-01-01 13:07:44,078 - INFO - HTTP Request: PATCH https://aisqbjjpdztnuerniefl.supabase.co/rest/v1/industry_data?industry=eq.Investment+Managers "HTTP/2 200 OK"
2026-01-01 13:07:44,078 - INFO - Updated scores for industry: Investment Managers
2026-01-01 13:07:44,309 - INFO - HTTP Request: PATCH https://aisqbjjpdztnuerniefl.supabase.co/rest/v1/industry_data?industry=eq.Financial+Conglomerates "HTTP/2 200 OK"
2026-01-01 13:07:44,310 - INFO - Updated scores for industry: Financial Conglomerates
2026-01-01 13:07:44,470 - INFO - HTTP Request: PATCH https://aisqbjjpdztnuerniefl.supabase.co/rest/v1/industry_data?industry=eq.Financial+Publishing%2FServices "HTTP/2 200 OK"
2026-01-01 13:07:44,471 - INFO - Updated scores for industry: Financial Publishing/Services
2026-01-01 13:07:44,471 - INFO - Successfully updated 119 industry scores in Supabase. 0 errors.
2026-01-01 13:07:44,472 - INFO - Script execution completed successfully
