2026-01-01 12:52:31,274 - ERROR - Missing Supabase environment variables. Please check .env file.
2026-01-01 12:53:23,785 - INFO - Script execution started
2026-01-01 12:53:23,786 - INFO - Starting sector score calculation...
2026-01-01 12:53:23,786 - INFO - Fetching data from Supabase...
2026-01-01 12:53:23,913 - ERROR - Error in main process: [Errno 8] nodename nor servname provided, or not known
2026-01-01 12:53:23,919 - ERROR - Script execution failed
2026-01-01 12:59:32,133 - ERROR - Missing Supabase environment variables. Please check .env file.
2026-01-01 13:03:09,266 - INFO - Script execution started
2026-01-01 13:03:09,267 - INFO - Starting sector score calculation...
2026-01-01 13:03:09,267 - INFO - Fetching data from Supabase...
2026-01-01 13:03:09,273 - ERROR - Error in main process: [Errno 8] nodename nor servname provided, or not known
2026-01-01 13:03:09,274 - ERROR - Script execution failed
2026-01-01 13:07:45,055 - INFO - Script execution started
2026-01-01 13:07:45,055 - INFO - Starting sector score calculation...
2026-01-01 13:07:45,055 - INFO - Fetching data from Supabase...
2026-01-01 13:07:45,253 - INFO - HTTP Request: GET https://aisqbjjpdztnuerniefl.supabase.co/rest/v1/sector_data?select=%2A "HTTP/2 200 OK"
2026-01-01 13:07:45,257 - INFO - Fetched 20 records from sector_data table.
2026-01-01 13:07:45,258 - INFO - Cleaning and converting data...
2026-01-01 13:07:45,260 - INFO - Normalizing data...
2026-01-01 13:07:45,263 - INFO - Calculating normalized scores...
2026-01-01 13:07:45,265 - INFO - Updating Supabase with normalized scores...
2026-01-01 13:07:45,432 - INFO - HTTP Request: PATCH https://aisqbjjpdztnuerniefl.supabase.co/rest/v1/sector_data?sector=eq.Finance "HTTP/2 200 OK"
2026-01-01 13:07:45,437 - INFO - Updated scores for sector: Finance
2026-01-01 13:07:45,628 - INFO - HTTP Request: PATCH https://aisqbjjpdztnuerniefl.supabase.co/rest/v1/sector_data?sector=eq.Producer+Manufacturing "HTTP/2 200 OK"
2026-01-01 13:07:45,630 - INFO - Updated scores for sector: Producer Manufacturing
2026-01-01 13:07:45,794 - INFO - HTTP Request: PATCH https://aisqbjjpdztnuerniefl.supabase.co/rest/v1/sector_data?sector=eq.Process+Industries "HTTP/2 200 OK"
2026-01-01 13:07:45,795 - INFO - Updated scores for sector: Process Industries
2026-01-01 13:07:45,987 - INFO - HTTP Request: PATCH https://aisqbjjpdztnuerniefl.supabase.co/rest/v1/sector_data?sector=eq.Non-Energy+Minerals "HTTP/2 200 OK"
2026-01-01 13:07:45,988 - INFO - Updated scores for sector: Non-Energy Minerals
2026-01-01 13:07:46,153 - INFO - HTTP Request: PATCH https://aisqbjjpdztnuerniefl.supabase.co/rest/v1/sector_data?sector=eq.Industrial+Services "HTTP/2 200 OK"
2026-01-01 13:07:46,154 - INFO - Updated scores for sector: Industrial Services
2026-01-01 13:07:46,329 - INFO - HTTP Request: PATCH https://aisqbjjpdztnuerniefl.supabase.co/rest/v1/sector_data?sector=eq.Energy+Minerals "HTTP/2 200 OK"
2026-01-01 13:07:46,331 - INFO - Updated scores for sector: Energy Minerals
2026-01-01 13:07:46,499 - INFO - HTTP Request: PATCH https://aisqbjjpdztnuerniefl.supabase.co/rest/v1/sector_data?sector=eq.Communications "HTTP/2 200 OK"
2026-01-01 13:07:46,500 - INFO - Updated scores for sector: Communications
2026-01-01 13:07:46,645 - INFO - HTTP Request: PATCH https://aisqbjjpdztnuerniefl.supabase.co/rest/v1/sector_data?sector=eq.Utilities "HTTP/2 200 OK"
2026-01-01 13:07:46,646 - INFO - Updated scores for sector: Utilities
2026-01-01 13:07:46,821 - INFO - HTTP Request: PATCH https://aisqbjjpdztnuerniefl.supabase.co/rest/v1/sector_data?sector=eq.Consumer+Services "HTTP/2 200 OK"
2026-01-01 13:07:46,826 - INFO - Updated scores for sector: Consumer Services
2026-01-01 13:07:47,003 - INFO - HTTP Request: PATCH https://aisqbjjpdztnuerniefl.supabase.co/rest/v1/sector_data?sector=eq.Miscellaneous "HTTP/2 200 OK"
2026-01-01 13:07:47,004 - INFO - Updated scores for sector: Miscellaneous
2026-01-01 13:07:47,174 - INFO - HTTP Request: PATCH https://aisqbjjpdztnuerniefl.supabase.co/rest/v1/sector_data?sector=eq.Commercial+Services "HTTP/2 200 OK"
2026-01-01 13:07:47,174 - INFO - Updated scores for sector: Commercial Services
2026-01-01 13:07:47,328 - INFO - HTTP Request: PATCH https://aisqbjjpdztnuerniefl.supabase.co/rest/v1/sector_data?sector=eq.Health+Technology "HTTP/2 200 OK"
2026-01-01 13:07:47,337 - INFO - Updated scores for sector: Health Technology
2026-01-01 13:07:47,505 - INFO - HTTP Request: PATCH https://aisqbjjpdztnuerniefl.supabase.co/rest/v1/sector_data?sector=eq.Technology+Services "HTTP/2 200 OK"
2026-01-01 13:07:47,507 - INFO - Updated scores for sector: Technology Services
2026-01-01 13:07:47,669 - INFO - HTTP Request: PATCH https://aisqbjjpdztnuerniefl.supabase.co/rest/v1/sector_data?sector=eq.Consumer+Durables "HTTP/2 200 OK"
2026-01-01 13:07:47,670 - INFO - Updated scores for sector: Consumer Durables
2026-01-01 13:07:47,819 - INFO - HTTP Request: PATCH https://aisqbjjpdztnuerniefl.supabase.co/rest/v1/sector_data?sector=eq.Health+Services "HTTP/2 200 OK"
2026-01-01 13:07:47,821 - INFO - Updated scores for sector: Health Services
2026-01-01 13:07:47,967 - INFO - HTTP Request: PATCH https://aisqbjjpdztnuerniefl.supabase.co/rest/v1/sector_data?sector=eq.Transportation "HTTP/2 200 OK"
2026-01-01 13:07:47,968 - INFO - Updated scores for sector: Transportation
2026-01-01 13:07:48,122 - INFO - HTTP Request: PATCH https://aisqbjjpdztnuerniefl.supabase.co/rest/v1/sector_data?sector=eq.Consumer+Non-Durables "HTTP/2 200 OK"
2026-01-01 13:07:48,123 - INFO - Updated scores for sector: Consumer Non-Durables
2026-01-01 13:07:48,269 - INFO - HTTP Request: PATCH https://aisqbjjpdztnuerniefl.supabase.co/rest/v1/sector_data?sector=eq.Distribution+Services "HTTP/2 200 OK"
2026-01-01 13:07:48,270 - INFO - Updated scores for sector: Distribution Services
2026-01-01 13:07:48,429 - INFO - HTTP Request: PATCH https://aisqbjjpdztnuerniefl.supabase.co/rest/v1/sector_data?sector=eq.Retail+Trade "HTTP/2 200 OK"
2026-01-01 13:07:48,466 - INFO - Updated scores for sector: Retail Trade
2026-01-01 13:07:48,636 - INFO - HTTP Request: PATCH https://aisqbjjpdztnuerniefl.supabase.co/rest/v1/sector_data?sector=eq.Electronic+Technology "HTTP/2 200 OK"
2026-01-01 13:07:48,637 - INFO - Updated scores for sector: Electronic Technology
2026-01-01 13:07:48,637 - INFO - Successfully updated 20 sector scores in Supabase. 0 errors.
2026-01-01 13:07:48,638 - INFO - Script execution completed successfully
